[2023-08-31T02:41:45.382+0000] {taskinstance.py:1103} INFO - Dependencies all met for dep_context=non-requeueable deps ti=<TaskInstance: process_sale_data.validate_result manual__2023-08-31T02:41:43.993599+00:00 [queued]>
[2023-08-31T02:41:45.389+0000] {taskinstance.py:1103} INFO - Dependencies all met for dep_context=requeueable deps ti=<TaskInstance: process_sale_data.validate_result manual__2023-08-31T02:41:43.993599+00:00 [queued]>
[2023-08-31T02:41:45.390+0000] {taskinstance.py:1308} INFO - Starting attempt 1 of 1
[2023-08-31T02:41:45.403+0000] {taskinstance.py:1327} INFO - Executing <Task(PythonOperator): validate_result> on 2023-08-31 02:41:43.993599+00:00
[2023-08-31T02:41:45.408+0000] {standard_task_runner.py:57} INFO - Started process 2206 to run task
[2023-08-31T02:41:45.410+0000] {standard_task_runner.py:84} INFO - Running: ['***', 'tasks', 'run', 'process_sale_data', 'validate_result', 'manual__2023-08-31T02:41:43.993599+00:00', '--job-id', '139', '--raw', '--subdir', 'DAGS_FOLDER/dags.py', '--cfg-path', '/tmp/tmptimv9u68']
[2023-08-31T02:41:45.412+0000] {standard_task_runner.py:85} INFO - Job 139: Subtask validate_result
[2023-08-31T02:41:45.453+0000] {task_command.py:410} INFO - Running <TaskInstance: process_sale_data.validate_result manual__2023-08-31T02:41:43.993599+00:00 [running]> on host 888526fa4a36
[2023-08-31T02:41:45.520+0000] {taskinstance.py:1547} INFO - Exporting env vars: AIRFLOW_CTX_DAG_OWNER='***' AIRFLOW_CTX_DAG_ID='process_sale_data' AIRFLOW_CTX_TASK_ID='validate_result' AIRFLOW_CTX_EXECUTION_DATE='2023-08-31T02:41:43.993599+00:00' AIRFLOW_CTX_TRY_NUMBER='1' AIRFLOW_CTX_DAG_RUN_ID='manual__2023-08-31T02:41:43.993599+00:00'
[2023-08-31T02:41:45.528+0000] {base.py:73} INFO - Using connection ID 'postgres' for task execution.
[2023-08-31T02:41:45.532+0000] {taskinstance.py:1824} ERROR - Task failed with exception
Traceback (most recent call last):
  File "/home/airflow/.local/lib/python3.7/site-packages/airflow/operators/python.py", line 181, in execute
    return_value = self.execute_callable()
  File "/home/airflow/.local/lib/python3.7/site-packages/airflow/operators/python.py", line 198, in execute_callable
    return self.python_callable(*self.op_args, **self.op_kwargs)
  File "/opt/airflow/dags/py_callables.py", line 68, in validate_result
    alcoholic_tbl_rows = cursor.execute("SELECT COUNT(*) FROM " + alcoholic_tbl_name).fetchone()
AttributeError: 'NoneType' object has no attribute 'fetchone'
[2023-08-31T02:41:45.675+0000] {taskinstance.py:1350} INFO - Marking task as FAILED. dag_id=process_sale_data, task_id=validate_result, execution_date=20230831T024143, start_date=20230831T024145, end_date=20230831T024145
[2023-08-31T02:41:45.691+0000] {standard_task_runner.py:109} ERROR - Failed to execute job 139 for task validate_result ('NoneType' object has no attribute 'fetchone'; 2206)
[2023-08-31T02:41:45.703+0000] {local_task_job_runner.py:225} INFO - Task exited with return code 1
[2023-08-31T02:41:45.719+0000] {taskinstance.py:2653} INFO - 0 downstream tasks scheduled from follow-on schedule check
